<?xml version="1.0" encoding="UTF-8" ?>
<testsuite tests="1" failures="1" name="itmo.ApplicationTest" time="1.177" errors="0" skipped="0">
  <properties>
[...]
</properties>
  <testcase classname="itmo.ApplicationTest" name="testRoot" time="1.177">
    <failure message="expected:&lt;200 OK&gt; but was:&lt;404 Not Found&gt;" type="java.lang.AssertionError">java.lang.AssertionError: expected:&lt;200 OK&gt; but was:&lt;404 Not Found&gt;
	at org.junit.Assert.fail(Assert.java:89)
	at org.junit.Assert.failNotEquals(Assert.java:835)
	at org.junit.Assert.assertEquals(Assert.java:120)
	at kotlin.test.junit.JUnitAsserter.assertEquals(JUnitSupport.kt:32)
	at kotlin.test.AssertionsKt__AssertionsKt.assertEquals(Assertions.kt:63)
	at kotlin.test.AssertionsKt.assertEquals(Unknown Source)
	at kotlin.test.AssertionsKt__AssertionsKt.assertEquals$default(Assertions.kt:62)
	at kotlin.test.AssertionsKt.assertEquals$default(Unknown Source)
	at itmo.ApplicationTest$testRoot$1.invokeSuspend(ApplicationTest.kt:17)
	at kotlin.coroutines.jvm.internal.BaseContinuationImpl.resumeWith(ContinuationImpl.kt:33)
	at kotlinx.coroutines.DispatchedTask.run(DispatchedTask.kt:106)
	at kotlinx.coroutines.EventLoopImplBase.processNextEvent(EventLoop.common.kt:280)
	at kotlinx.coroutines.BlockingCoroutine.joinBlocking(Builders.kt:85)
	at kotlinx.coroutines.BuildersKt__BuildersKt.runBlocking(Builders.kt:59)
	at kotlinx.coroutines.BuildersKt.runBlocking(Unknown Source)
	at io.ktor.server.testing.TestApplicationKt.testApplication(TestApplication.kt:329)
	at io.ktor.server.testing.TestApplicationKt.testApplication(TestApplication.kt:287)
	at itmo.ApplicationTest.testRoot(ApplicationTest.kt:12)
	at java.base/jdk.internal.reflect.NativeMethodAccessorImpl.invoke0(Native Method)
	at java.base/jdk.internal.reflect.NativeMethodAccessorImpl.invoke(NativeMethodAccessorImpl.java:77)
	at java.base/jdk.internal.reflect.DelegatingMethodAccessorImpl.invoke(DelegatingMethodAccessorImpl.java:43)
	at java.base/java.lang.reflect.Method.invoke(Method.java:568)
	at org.junit.runners.model.FrameworkMethod$1.runReflectiveCall(FrameworkMethod.java:59)
	at org.junit.internal.runners.model.ReflectiveCallable.run(ReflectiveCallable.java:12)
	at org.junit.runners.model.FrameworkMethod.invokeExplosively(FrameworkMethod.java:56)
	at org.junit.internal.runners.statements.InvokeMethod.evaluate(InvokeMethod.java:17)
	at org.junit.runners.ParentRunner$3.evaluate(ParentRunner.java:306)
	at org.junit.runners.BlockJUnit4ClassRunner$1.evaluate(BlockJUnit4ClassRunner.java:100)
	at org.junit.runners.ParentRunner.runLeaf(ParentRunner.java:366)
	at org.junit.runners.BlockJUnit4ClassRunner.runChild(BlockJUnit4ClassRunner.java:103)
	at org.junit.runners.BlockJUnit4ClassRunner.runChild(BlockJUnit4ClassRunner.java:63)
	at org.junit.runners.ParentRunner$4.run(ParentRunner.java:331)
	at org.junit.runners.ParentRunner$1.schedule(ParentRunner.java:79)
	at org.junit.runners.ParentRunner.runChildren(ParentRunner.java:329)
	at org.junit.runners.ParentRunner.access$100(ParentRunner.java:66)
	at org.junit.runners.ParentRunner$2.evaluate(ParentRunner.java:293)
	at org.junit.runners.ParentRunner$3.evaluate(ParentRunner.java:306)
	at org.junit.runners.ParentRunner.run(ParentRunner.java:413)
	at org.apache.maven.surefire.junit4.JUnit4Provider.execute(JUnit4Provider.java:252)
	at org.apache.maven.surefire.junit4.JUnit4Provider.executeTestSet(JUnit4Provider.java:141)
	at org.apache.maven.surefire.junit4.JUnit4Provider.invoke(JUnit4Provider.java:112)
	at java.base/jdk.internal.reflect.NativeMethodAccessorImpl.invoke0(Native Method)
	at java.base/jdk.internal.reflect.NativeMethodAccessorImpl.invoke(NativeMethodAccessorImpl.java:77)
	at java.base/jdk.internal.reflect.DelegatingMethodAccessorImpl.invoke(DelegatingMethodAccessorImpl.java:43)
	at java.base/java.lang.reflect.Method.invoke(Method.java:568)
	at org.apache.maven.surefire.util.ReflectionUtils.invokeMethodWithArray(ReflectionUtils.java:189)
	at org.apache.maven.surefire.booter.ProviderFactory$ProviderProxy.invoke(ProviderFactory.java:165)
	at org.apache.maven.surefire.booter.ProviderFactory.invokeProvider(ProviderFactory.java:85)
	at org.apache.maven.surefire.booter.ForkedBooter.runSuitesInProcess(ForkedBooter.java:115)
	at org.apache.maven.surefire.booter.ForkedBooter.main(ForkedBooter.java:75)
</failure>
    <system-out>2024-03-20 20:41:55.355 [main @coroutine#1] TRACE i.ktor.client.plugins.HttpPlainText - Adding Accept-Charset=UTF-8 to http:///
2024-03-20 20:41:55.451 [DefaultDispatcher-worker-1 @call-context#2] INFO  ktor.test - No ktor.deployment.watch patterns specified, automatic reload is not active.
2024-03-20 20:41:55.508 [DefaultDispatcher-worker-1 @call-context#2] INFO  ktor.test - Application started in 0.074 seconds.
2024-03-20 20:41:55.511 [DefaultDispatcher-worker-2 @coroutine#4] INFO  ktor.test - Responding at http://localhost:80
2024-03-20 20:41:55.511 [DefaultDispatcher-worker-2 @coroutine#4] INFO  ktor.test - Responding at https://localhost:443
2024-03-20 20:41:55.558 [DefaultDispatcher-worker-1 @request#2] TRACE io.ktor.routing.Routing - Trace for []
/, segment:0 -&gt; SUCCESS @ /
  /user, segment:0 -&gt; FAILURE &quot;Selector didn&apos;t match&quot; @ /user
Matched routes:
  No results
Route resolve result:
  FAILURE &quot;No matched subtrees found&quot; @ /
2024-03-20 20:41:55.991 [main @coroutine#1] TRACE i.k.client.plugins.HttpCallValidator - Validating response for request http://localhost/
2024-03-20 20:41:55.991 [main @coroutine#1] TRACE i.k.c.p.DefaultResponseValidation - Skipping default response validation for http://localhost/
</system-out>
  </testcase>
</testsuite>